# JRE version: Java(TM) SE Runtime Environment (8.0_181-b13) (build 1.8.0_181-b13)
# Java VM: Java HotSpot(TM) 64-Bit Server VM (25.181-b13 mixed mode windows-amd64 compressed oops)
Heap:
 PSYoungGen      total 1239552K, used 568859K [0x000000066ab00000, 0x00000006c7e80000, 0x00000007c0000000)
  eden space 1079808K, 37% used [0x000000066ab00000,0x0000000683a8c400,0x00000006ac980000)
  from space 159744K, 99% used [0x00000006b9780000,0x00000006c337aae8,0x00000006c3380000)
  to   space 210944K, 0% used [0x00000006ac980000,0x00000006ac980000,0x00000006b9780000)
 ParOldGen       total 536064K, used 358940K [0x00000003c0000000, 0x00000003e0b80000, 0x000000066ab00000)
  object space 536064K, 66% used [0x00000003c0000000,0x00000003d5e87020,0x00000003e0b80000)
 Metaspace       used 49264K, capacity 49606K, committed 50176K, reserved 1091584K
  class space    used 7288K, capacity 7394K, committed 7424K, reserved 1048576K
GC Heap History (10 events):
Event: 387.582 GC heap before
{Heap before GC invocations=20 (full 3):
 PSYoungGen      total 884224K, used 884209K [0x000000066ab00000, 0x00000006acd00000, 0x00000007c0000000)
  eden space 840192K, 100% used [0x000000066ab00000,0x000000069df80000,0x000000069df80000)
  from space 44032K, 99% used [0x00000006aa200000,0x00000006accfc550,0x00000006acd00000)
  to   space 51712K, 0% used [0x00000006a6800000,0x00000006a6800000,0x00000006a9a80000)
 ParOldGen       total 181248K, used 68405K [0x00000003c0000000, 0x00000003cb100000, 0x000000066ab00000)
  object space 181248K, 37% used [0x00000003c0000000,0x00000003c42cd730,0x00000003cb100000)
 Metaspace       used 49126K, capacity 49472K, committed 49920K, reserved 1091584K
  class space    used 7284K, capacity 7393K, committed 7424K, reserved 1048576K
Event: 387.609 GC heap after
Heap after GC invocations=20 (full 3):
 PSYoungGen      total 856576K, used 51699K [0x000000066ab00000, 0x00000006aa280000, 0x00000007c0000000)
  eden space 804864K, 0% used [0x000000066ab00000,0x000000066ab00000,0x000000069bd00000)
  from space 51712K, 99% used [0x00000006a6800000,0x00000006a9a7cfc0,0x00000006a9a80000)
  to   space 8192K, 0% used [0x00000006a9a80000,0x00000006a9a80000,0x00000006aa280000)
 ParOldGen       total 181248K, used 82581K [0x00000003c0000000, 0x00000003cb100000, 0x000000066ab00000)
  object space 181248K, 45% used [0x00000003c0000000,0x00000003c50a5650,0x00000003cb100000)
 Metaspace       used 49126K, capacity 49472K, committed 49920K, reserved 1091584K
  class space    used 7284K, capacity 7393K, committed 7424K, reserved 1048576K
}
Event: 389.307 GC heap before
{Heap before GC invocations=21 (full 3):
 PSYoungGen      total 856576K, used 856563K [0x000000066ab00000, 0x00000006aa280000, 0x00000007c0000000)
  eden space 804864K, 100% used [0x000000066ab00000,0x000000069bd00000,0x000000069bd00000)
  from space 51712K, 99% used [0x00000006a6800000,0x00000006a9a7cfc0,0x00000006a9a80000)
  to   space 8192K, 0% used [0x00000006a9a80000,0x00000006a9a80000,0x00000006aa280000)
 ParOldGen       total 181248K, used 82581K [0x00000003c0000000, 0x00000003cb100000, 0x000000066ab00000)
  object space 181248K, 45% used [0x00000003c0000000,0x00000003c50a5650,0x00000003cb100000)
 Metaspace       used 49131K, capacity 49472K, committed 49920K, reserved 1091584K
  class space    used 7284K, capacity 7393K, committed 7424K, reserved 1048576K
Event: 389.402 GC heap after
Heap after GC invocations=21 (full 3):
 PSYoungGen      total 919040K, used 8182K [0x000000066ab00000, 0x00000006b3600000, 0x00000007c0000000)
  eden space 910848K, 0% used [0x000000066ab00000,0x000000066ab00000,0x00000006a2480000)
  from space 8192K, 99% used [0x00000006a9a80000,0x00000006aa27d9e0,0x00000006aa280000)
  to   space 120832K, 0% used [0x00000006a2480000,0x00000006a2480000,0x00000006a9a80000)
 ParOldGen       total 261632K, used 260722K [0x00000003c0000000, 0x00000003cff80000, 0x000000066ab00000)
  object space 261632K, 99% used [0x00000003c0000000,0x00000003cfe9c840,0x00000003cff80000)
 Metaspace       used 49131K, capacity 49472K, committed 49920K, reserved 1091584K
  class space    used 7284K, capacity 7393K, committed 7424K, reserved 1048576K
}
Event: 389.402 GC heap before
{Heap before GC invocations=22 (full 4):
 PSYoungGen      total 919040K, used 8182K [0x000000066ab00000, 0x00000006b3600000, 0x00000007c0000000)
  eden space 910848K, 0% used [0x000000066ab00000,0x000000066ab00000,0x00000006a2480000)
  from space 8192K, 99% used [0x00000006a9a80000,0x00000006aa27d9e0,0x00000006aa280000)
  to   space 120832K, 0% used [0x00000006a2480000,0x00000006a2480000,0x00000006a9a80000)
 ParOldGen       total 261632K, used 260722K [0x00000003c0000000, 0x00000003cff80000, 0x000000066ab00000)
  object space 261632K, 99% used [0x00000003c0000000,0x00000003cfe9c840,0x00000003cff80000)
 Metaspace       used 49131K, capacity 49472K, committed 49920K, reserved 1091584K
  class space    used 7284K, capacity 7393K, committed 7424K, reserved 1048576K
Event: 389.947 GC heap after
Heap after GC invocations=22 (full 4):
 PSYoungGen      total 919040K, used 0K [0x000000066ab00000, 0x00000006b3600000, 0x00000007c0000000)
  eden space 910848K, 0% used [0x000000066ab00000,0x000000066ab00000,0x00000006a2480000)
  from space 8192K, 0% used [0x00000006a9a80000,0x00000006a9a80000,0x00000006aa280000)
  to   space 120832K, 0% used [0x00000006a2480000,0x00000006a2480000,0x00000006a9a80000)
 ParOldGen       total 536064K, used 249710K [0x00000003c0000000, 0x00000003e0b80000, 0x000000066ab00000)
  object space 536064K, 46% used [0x00000003c0000000,0x00000003cf3db8e8,0x00000003e0b80000)
 Metaspace       used 49131K, capacity 49472K, committed 49920K, reserved 1091584K
  class space    used 7284K, capacity 7393K, committed 7424K, reserved 1048576K
}
Event: 391.803 GC heap before
{Heap before GC invocations=23 (full 4):
 PSYoungGen      total 919040K, used 910848K [0x000000066ab00000, 0x00000006b3600000, 0x00000007c0000000)
  eden space 910848K, 100% used [0x000000066ab00000,0x00000006a2480000,0x00000006a2480000)
  from space 8192K, 0% used [0x00000006a9a80000,0x00000006a9a80000,0x00000006aa280000)
  to   space 120832K, 0% used [0x00000006a2480000,0x00000006a2480000,0x00000006a9a80000)
 ParOldGen       total 536064K, used 249710K [0x00000003c0000000, 0x00000003e0b80000, 0x000000066ab00000)
  object space 536064K, 46% used [0x00000003c0000000,0x00000003cf3db8e8,0x00000003e0b80000)
 Metaspace       used 49131K, capacity 49472K, committed 49920K, reserved 1091584K
  class space    used 7284K, capacity 7393K, committed 7424K, reserved 1048576K
Event: 391.892 GC heap after
Heap after GC invocations=23 (full 4):
 PSYoungGen      total 1031680K, used 120817K [0x000000066ab00000, 0x00000006c3380000, 0x00000007c0000000)
  eden space 910848K, 0% used [0x000000066ab00000,0x000000066ab00000,0x00000006a2480000)
  from space 120832K, 99% used [0x00000006a2480000,0x00000006a9a7c548,0x00000006a9a80000)
  to   space 159744K, 0% used [0x00000006b9780000,0x00000006b9780000,0x00000006c3380000)
 ParOldGen       total 536064K, used 297062K [0x00000003c0000000, 0x00000003e0b80000, 0x000000066ab00000)
  object space 536064K, 55% used [0x00000003c0000000,0x00000003d22198f8,0x00000003e0b80000)
 Metaspace       used 49131K, capacity 49472K, committed 49920K, reserved 1091584K
  class space    used 7284K, capacity 7393K, committed 7424K, reserved 1048576K
}
Event: 8874.163 GC heap before
{Heap before GC invocations=24 (full 4):
 PSYoungGen      total 1031680K, used 1030432K [0x000000066ab00000, 0x00000006c3380000, 0x00000007c0000000)
  eden space 910848K, 99% used [0x000000066ab00000,0x00000006a234bb90,0x00000006a2480000)
  from space 120832K, 99% used [0x00000006a2480000,0x00000006a9a7c548,0x00000006a9a80000)
  to   space 159744K, 0% used [0x00000006b9780000,0x00000006b9780000,0x00000006c3380000)
 ParOldGen       total 536064K, used 297062K [0x00000003c0000000, 0x00000003e0b80000, 0x000000066ab00000)
  object space 536064K, 55% used [0x00000003c0000000,0x00000003d22198f8,0x00000003e0b80000)
 Metaspace       used 49226K, capacity 49606K, committed 50176K, reserved 1091584K
  class space    used 7286K, capacity 7394K, committed 7424K, reserved 1048576K
Event: 8874.680 GC heap after
Heap after GC invocations=24 (full 4):
 PSYoungGen      total 1239552K, used 159722K [0x000000066ab00000, 0x00000006c7e80000, 0x00000007c0000000)
  eden space 1079808K, 0% used [0x000000066ab00000,0x000000066ab00000,0x00000006ac980000)
  from space 159744K, 99% used [0x00000006b9780000,0x00000006c337aae8,0x00000006c3380000)
  to   space 210944K, 0% used [0x00000006ac980000,0x00000006ac980000,0x00000006b9780000)
 ParOldGen       total 536064K, used 358940K [0x00000003c0000000, 0x00000003e0b80000, 0x000000066ab00000)
  object space 536064K, 66% used [0x00000003c0000000,0x00000003d5e87020,0x00000003e0b80000)
 Metaspace       used 49226K, capacity 49606K, committed 50176K, reserved 1091584K
  class space    used 7286K, capacity 7394K, committed 7424K, reserved 1048576K
}

