# JRE version: Java(TM) SE Runtime Environment (8.0_181-b13) (build 1.8.0_181-b13)
# Java VM: Java HotSpot(TM) 64-Bit Server VM (25.181-b13 mixed mode windows-amd64 compressed oops)
Heap:
 PSYoungGen      total 2114560K, used 1331878K [0x000000066ab00000, 0x000000071e300000, 0x00000007c0000000)
  eden space 1369088K, 61% used [0x000000066ab00000,0x000000069e390d80,0x00000006be400000)
  from space 745472K, 65% used [0x00000006be400000,0x00000006dc018a80,0x00000006ebc00000)
  to   space 754176K, 0% used [0x00000006f0280000,0x00000006f0280000,0x000000071e300000)
 ParOldGen       total 1400832K, used 1071333K [0x00000003c0000000, 0x0000000415800000, 0x000000066ab00000)
  object space 1400832K, 76% used [0x00000003c0000000,0x00000004016396f8,0x0000000415800000)
 Metaspace       used 51943K, capacity 52255K, committed 52736K, reserved 1095680K
  class space    used 7333K, capacity 7414K, committed 7424K, reserved 1048576K
GC Heap History (10 events):
Event: 240239.174 GC heap before
{Heap before GC invocations=45 (full 6):
 PSYoungGen      total 1842176K, used 1704743K [0x000000066ab00000, 0x00000006fed80000, 0x00000007c0000000)
  eden space 1321472K, 100% used [0x000000066ab00000,0x00000006bb580000,0x00000006bb580000)
  from space 520704K, 73% used [0x00000006dc680000,0x00000006f3cc9ea8,0x00000006fc300000)
  to   space 541696K, 0% used [0x00000006bb580000,0x00000006bb580000,0x00000006dc680000)
 ParOldGen       total 1400832K, used 876022K [0x00000003c0000000, 0x0000000415800000, 0x000000066ab00000)
  object space 1400832K, 62% used [0x00000003c0000000,0x00000003f577d980,0x0000000415800000)
 Metaspace       used 51271K, capacity 51596K, committed 52224K, reserved 1093632K
  class space    used 7290K, capacity 7381K, committed 7424K, reserved 1048576K
Event: 240239.407 GC heap after
Heap after GC invocations=45 (full 6):
 PSYoungGen      total 1863168K, used 541690K [0x000000066ab00000, 0x000000070b780000, 0x00000007c0000000)
  eden space 1321472K, 0% used [0x000000066ab00000,0x000000066ab00000,0x00000006bb580000)
  from space 541696K, 99% used [0x00000006bb580000,0x00000006dc67eb10,0x00000006dc680000)
  to   space 629760K, 0% used [0x00000006e5080000,0x00000006e5080000,0x000000070b780000)
 ParOldGen       total 1400832K, used 914609K [0x00000003c0000000, 0x0000000415800000, 0x000000066ab00000)
  object space 1400832K, 65% used [0x00000003c0000000,0x00000003f7d2c6c8,0x0000000415800000)
 Metaspace       used 51271K, capacity 51596K, committed 52224K, reserved 1093632K
  class space    used 7290K, capacity 7381K, committed 7424K, reserved 1048576K
}
Event: 240246.083 GC heap before
{Heap before GC invocations=46 (full 6):
 PSYoungGen      total 1863168K, used 1863162K [0x000000066ab00000, 0x000000070b780000, 0x00000007c0000000)
  eden space 1321472K, 100% used [0x000000066ab00000,0x00000006bb580000,0x00000006bb580000)
  from space 541696K, 99% used [0x00000006bb580000,0x00000006dc67eb10,0x00000006dc680000)
  to   space 629760K, 0% used [0x00000006e5080000,0x00000006e5080000,0x000000070b780000)
 ParOldGen       total 1400832K, used 914609K [0x00000003c0000000, 0x0000000415800000, 0x000000066ab00000)
  object space 1400832K, 65% used [0x00000003c0000000,0x00000003f7d2c6c8,0x0000000415800000)
 Metaspace       used 51279K, capacity 51596K, committed 52224K, reserved 1093632K
  class space    used 7291K, capacity 7381K, committed 7424K, reserved 1048576K
Event: 240246.388 GC heap after
Heap after GC invocations=46 (full 6):
 PSYoungGen      total 1924608K, used 604399K [0x000000066ab00000, 0x0000000718700000, 0x00000007c0000000)
  eden space 1294848K, 0% used [0x000000066ab00000,0x000000066ab00000,0x00000006b9b80000)
  from space 629760K, 95% used [0x00000006e5080000,0x0000000709ebbe00,0x000000070b780000)
  to   space 709632K, 0% used [0x00000006b9b80000,0x00000006b9b80000,0x00000006e5080000)
 ParOldGen       total 1400832K, used 991793K [0x00000003c0000000, 0x0000000415800000, 0x000000066ab00000)
  object space 1400832K, 70% used [0x00000003c0000000,0x00000003fc88c4e0,0x0000000415800000)
 Metaspace       used 51279K, capacity 51596K, committed 52224K, reserved 1093632K
  class space    used 7291K, capacity 7381K, committed 7424K, reserved 1048576K
}
Event: 240257.652 GC heap before
{Heap before GC invocations=47 (full 6):
 PSYoungGen      total 1924608K, used 1899247K [0x000000066ab00000, 0x0000000718700000, 0x00000007c0000000)
  eden space 1294848K, 100% used [0x000000066ab00000,0x00000006b9b80000,0x00000006b9b80000)
  from space 629760K, 95% used [0x00000006e5080000,0x0000000709ebbe00,0x000000070b780000)
  to   space 709632K, 0% used [0x00000006b9b80000,0x00000006b9b80000,0x00000006e5080000)
 ParOldGen       total 1400832K, used 991793K [0x00000003c0000000, 0x0000000415800000, 0x000000066ab00000)
  object space 1400832K, 70% used [0x00000003c0000000,0x00000003fc88c4e0,0x0000000415800000)
 Metaspace       used 51292K, capacity 51596K, committed 52224K, reserved 1093632K
  class space    used 7292K, capacity 7381K, committed 7424K, reserved 1048576K
Event: 240257.826 GC heap after
Heap after GC invocations=47 (full 6):
 PSYoungGen      total 2004480K, used 489377K [0x000000066ab00000, 0x0000000719380000, 0x00000007c0000000)
  eden space 1294848K, 0% used [0x000000066ab00000,0x000000066ab00000,0x00000006b9b80000)
  from space 709632K, 68% used [0x00000006b9b80000,0x00000006d79685b8,0x00000006e5080000)
  to   space 730624K, 0% used [0x00000006eca00000,0x00000006eca00000,0x0000000719380000)
 ParOldGen       total 1400832K, used 991801K [0x00000003c0000000, 0x0000000415800000, 0x000000066ab00000)
  object space 1400832K, 70% used [0x00000003c0000000,0x00000003fc88e4e0,0x0000000415800000)
 Metaspace       used 51292K, capacity 51596K, committed 52224K, reserved 1093632K
  class space    used 7292K, capacity 7381K, committed 7424K, reserved 1048576K
}
Event: 358732.441 GC heap before
{Heap before GC invocations=48 (full 6):
 PSYoungGen      total 2004480K, used 1784225K [0x000000066ab00000, 0x0000000719380000, 0x00000007c0000000)
  eden space 1294848K, 100% used [0x000000066ab00000,0x00000006b9b80000,0x00000006b9b80000)
  from space 709632K, 68% used [0x00000006b9b80000,0x00000006d79685b8,0x00000006e5080000)
  to   space 730624K, 0% used [0x00000006eca00000,0x00000006eca00000,0x0000000719380000)
 ParOldGen       total 1400832K, used 991801K [0x00000003c0000000, 0x0000000415800000, 0x000000066ab00000)
  object space 1400832K, 70% used [0x00000003c0000000,0x00000003fc88e4e0,0x0000000415800000)
 Metaspace       used 51720K, capacity 52057K, committed 52480K, reserved 1093632K
  class space    used 7313K, capacity 7413K, committed 7424K, reserved 1048576K
Event: 358733.786 GC heap after
Heap after GC invocations=48 (full 6):
 PSYoungGen      total 2099712K, used 489332K [0x000000066ab00000, 0x0000000719400000, 0x00000007c0000000)
  eden space 1369088K, 0% used [0x000000066ab00000,0x000000066ab00000,0x00000006be400000)
  from space 730624K, 66% used [0x00000006eca00000,0x000000070a7dd108,0x0000000719380000)
  to   space 745472K, 0% used [0x00000006be400000,0x00000006be400000,0x00000006ebc00000)
 ParOldGen       total 1400832K, used 1046525K [0x00000003c0000000, 0x0000000415800000, 0x000000066ab00000)
  object space 1400832K, 74% used [0x00000003c0000000,0x00000003ffdff6d8,0x0000000415800000)
 Metaspace       used 51720K, capacity 52057K, committed 52480K, reserved 1093632K
  class space    used 7313K, capacity 7413K, committed 7424K, reserved 1048576K
}
Event: 359258.358 GC heap before
{Heap before GC invocations=49 (full 6):
 PSYoungGen      total 2099712K, used 1858420K [0x000000066ab00000, 0x0000000719400000, 0x00000007c0000000)
  eden space 1369088K, 100% used [0x000000066ab00000,0x00000006be400000,0x00000006be400000)
  from space 730624K, 66% used [0x00000006eca00000,0x000000070a7dd108,0x0000000719380000)
  to   space 745472K, 0% used [0x00000006be400000,0x00000006be400000,0x00000006ebc00000)
 ParOldGen       total 1400832K, used 1046525K [0x00000003c0000000, 0x0000000415800000, 0x000000066ab00000)
  object space 1400832K, 74% used [0x00000003c0000000,0x00000003ffdff6d8,0x0000000415800000)
 Metaspace       used 51855K, capacity 52191K, committed 52736K, reserved 1095680K
  class space    used 7330K, capacity 7414K, committed 7424K, reserved 1048576K
Event: 359258.601 GC heap after
Heap after GC invocations=49 (full 6):
 PSYoungGen      total 2114560K, used 487522K [0x000000066ab00000, 0x000000071e300000, 0x00000007c0000000)
  eden space 1369088K, 0% used [0x000000066ab00000,0x000000066ab00000,0x00000006be400000)
  from space 745472K, 65% used [0x00000006be400000,0x00000006dc018a80,0x00000006ebc00000)
  to   space 754176K, 0% used [0x00000006f0280000,0x00000006f0280000,0x000000071e300000)
 ParOldGen       total 1400832K, used 1071333K [0x00000003c0000000, 0x0000000415800000, 0x000000066ab00000)
  object space 1400832K, 76% used [0x00000003c0000000,0x00000004016396f8,0x0000000415800000)
 Metaspace       used 51855K, capacity 52191K, committed 52736K, reserved 1095680K
  class space    used 7330K, capacity 7414K, committed 7424K, reserved 1048576K
}

